<?xml version="1.0" encoding="UTF-8"?>
<!-- Generated by org.testng.reporters.JUnitXMLReporter -->
<testsuite ignored="1" hostname="LAPTOP-G0GKC0HK" failures="0" tests="3" name="Test" time="0.044" errors="0" timestamp="2022-06-05T16:25:08 IST">
  <testcase classname="tastPack.test1" name="testA" time="0.004"/>
  <testcase classname="tastPack.test2" name="testC" time="0.001"/>
  <testcase classname="tastPack.test2" name="testD" time="0.002"/>
  <testcase classname="tastPack.test1" name="testB" time="0.0">
    <ignored/>
  </testcase> <!-- testB -->
</testsuite> <!-- Test -->
